<?xml version="1.0" encoding="UTF-8"?>
<!-- Generated by org.testng.reporters.JUnitReportReporter -->
<testsuite hostname="Himanshu-PC" failures="0" tests="12" name="TestRunner.Run" time="483.617" errors="0" timestamp="2024-01-03T16:04:38 IST" skipped="0">
  <testcase classname="TestRunner.Run" name="runScenario" time="25.415"/>
  <testcase classname="TestRunner.Run" name="runScenario" time="47.059"/>
  <testcase classname="TestRunner.Run" name="runScenario" time="30.773"/>
  <testcase classname="TestRunner.Run" name="runScenario" time="25.481"/>
  <testcase classname="TestRunner.Run" name="runScenario" time="101.603"/>
  <testcase classname="TestRunner.Run" name="runScenario" time="23.825"/>
  <testcase classname="TestRunner.Run" name="runScenario" time="24.611"/>
  <testcase classname="TestRunner.Run" name="runScenario" time="22.993"/>
  <testcase classname="TestRunner.Run" name="runScenario" time="30.211"/>
  <testcase classname="TestRunner.Run" name="runScenario" time="100.053"/>
  <testcase classname="TestRunner.Run" name="runScenario" time="25.614"/>
  <testcase classname="TestRunner.Run" name="runScenario" time="25.979"/>
</testsuite> <!-- TestRunner.Run -->
