<?xml version="1.0" encoding="UTF-8"?>
<!-- Generated by org.testng.reporters.JUnitReportReporter -->
<testsuite hostname="Himanshu-PC" failures="0" tests="12" name="TestRunner.Run" time="293.755" errors="0" timestamp="2023-12-16T08:57:26 IST" skipped="0">
  <testcase classname="TestRunner.Run" name="runScenario" time="40.684"/>
  <testcase classname="TestRunner.Run" name="runScenario" time="29.408"/>
  <testcase classname="TestRunner.Run" name="runScenario" time="14.553"/>
  <testcase classname="TestRunner.Run" name="runScenario" time="20.058"/>
  <testcase classname="TestRunner.Run" name="runScenario" time="16.408"/>
  <testcase classname="TestRunner.Run" name="runScenario" time="16.496"/>
  <testcase classname="TestRunner.Run" name="runScenario" time="25.200"/>
  <testcase classname="TestRunner.Run" name="runScenario" time="15.884"/>
  <testcase classname="TestRunner.Run" name="runScenario" time="24.453"/>
  <testcase classname="TestRunner.Run" name="runScenario" time="16.932"/>
  <testcase classname="TestRunner.Run" name="runScenario" time="43.552"/>
  <testcase classname="TestRunner.Run" name="runScenario" time="30.127"/>
</testsuite> <!-- TestRunner.Run -->
