<?xml version="1.0" encoding="UTF-8"?>
<!-- Generated by org.testng.reporters.JUnitReportReporter -->
<testsuite hostname="Himanshu-PC" failures="0" tests="12" name="TestRunner.FeatureRunner" time="381.224" errors="0" timestamp="2024-04-03T13:23:51 IST" skipped="0">
  <testcase classname="TestRunner.FeatureRunner" name="runScenario" time="29.083"/>
  <testcase classname="TestRunner.FeatureRunner" name="runScenario" time="29.178"/>
  <testcase classname="TestRunner.FeatureRunner" name="runScenario" time="30.771"/>
  <testcase classname="TestRunner.FeatureRunner" name="runScenario" time="44.857"/>
  <testcase classname="TestRunner.FeatureRunner" name="runScenario" time="29.972"/>
  <testcase classname="TestRunner.FeatureRunner" name="runScenario" time="32.546"/>
  <testcase classname="TestRunner.FeatureRunner" name="runScenario" time="27.864"/>
  <testcase classname="TestRunner.FeatureRunner" name="runScenario" time="26.819"/>
  <testcase classname="TestRunner.FeatureRunner" name="runScenario" time="50.537"/>
  <testcase classname="TestRunner.FeatureRunner" name="runScenario" time="26.227"/>
  <testcase classname="TestRunner.FeatureRunner" name="runScenario" time="27.372"/>
  <testcase classname="TestRunner.FeatureRunner" name="runScenario" time="25.998"/>
</testsuite> <!-- TestRunner.FeatureRunner -->
