<?xml version="1.0" encoding="UTF-8"?>
<!-- Generated by org.testng.reporters.JUnitReportReporter -->
<testsuite hostname="Himanshu-PC" failures="1" tests="12" name="TestRunner.Run" time="662.152" errors="0" timestamp="2023-12-31T18:07:33 IST" skipped="0">
  <testcase classname="TestRunner.Run" name="runScenario" time="119.811">
    <failure message="Failed | Registration Form title Mismatched expected [true] but found [false]" type="java.lang.AssertionError">
      <![CDATA[java.lang.AssertionError: Failed | Registration Form title Mismatched expected [true] but found [false]
at org.testng.Assert.fail(Assert.java:111)
at org.testng.Assert.failNotEquals(Assert.java:1578)
at org.testng.Assert.assertTrue(Assert.java:57)
at StepDefinitions.MouseEventStepDefinitions.user_navigate_to_right_click_me_button_perform_right_click_action_and_select_registration_form_option_and_verify_the_registration_form_page_title(MouseEventStepDefinitions.java:29)
at ✽.User Navigate to RightClickMe button, perform right click action and select Registration Form option and verify the Registration Form page title "Demo Site – Registration Form – Vinoth Q.A Academy"(file:///D:/Automation2k24/NextGenAI_BDDFramework/./Features/MouseEventFeature.feature:13)
]]>
    </failure>
  </testcase> <!-- runScenario -->
  <testcase classname="TestRunner.Run" name="runScenario" time="29.362"/>
  <testcase classname="TestRunner.Run" name="runScenario" time="30.720"/>
  <testcase classname="TestRunner.Run" name="runScenario" time="53.555"/>
  <testcase classname="TestRunner.Run" name="runScenario" time="27.905"/>
  <testcase classname="TestRunner.Run" name="runScenario" time="53.273"/>
  <testcase classname="TestRunner.Run" name="runScenario" time="31.534"/>
  <testcase classname="TestRunner.Run" name="runScenario" time="33.194"/>
  <testcase classname="TestRunner.Run" name="runScenario" time="30.116"/>
  <testcase classname="TestRunner.Run" name="runScenario" time="32.057"/>
  <testcase classname="TestRunner.Run" name="runScenario" time="103.598"/>
  <testcase classname="TestRunner.Run" name="runScenario" time="117.027"/>
</testsuite> <!-- TestRunner.Run -->
